<?xml version="1.0" encoding="UTF-8"?>
<!-- Generated by org.testng.reporters.JUnitReportReporter -->
<testsuite skipped="0" hostname="DESKTOP-A6J4GJ3" name="mypack.VerifyDragandDrop" tests="1" failures="0" timestamp="2020-12-11T13:08:35 IST" time="13.105" errors="0">
  <testcase name="DragnDrop" time="13.105" classname="mypack.VerifyDragandDrop"/>
  <system-out/>
</testsuite> <!-- mypack.VerifyDragandDrop -->
