<?xml version="1.0" encoding="UTF-8"?>
<!-- Generated by org.testng.reporters.JUnitReportReporter -->
<testsuite skipped="0" hostname="DESKTOP-A6J4GJ3" name="mypack.AjaxDemo" tests="1" failures="0" timestamp="2020-12-13T19:00:04 IST" time="10.083" errors="0">
  <testcase name="test_AjaxExample" time="10.083" classname="mypack.AjaxDemo"/>
  <system-out/>
</testsuite> <!-- mypack.AjaxDemo -->
