<?xml version="1.0" encoding="UTF-8"?>
<!-- Generated by org.testng.reporters.JUnitReportReporter -->
<testsuite skipped="0" hostname="DESKTOP-A6J4GJ3" name="mypack.ScrollByVisibleElement" tests="1" failures="0" timestamp="2020-12-11T12:12:45 IST" time="22.779" errors="0">
  <testcase name="ByVisibleElement" time="22.779" classname="mypack.ScrollByVisibleElement"/>
  <system-out/>
</testsuite> <!-- mypack.ScrollByVisibleElement -->
