<?xml version="1.0" encoding="UTF-8"?>
<!-- Generated by org.testng.reporters.JUnitReportReporter -->
<testsuite skipped="0" hostname="DESKTOP-A6J4GJ3" name="mypack.ScrollByPixel" tests="1" failures="0" timestamp="2020-12-11T12:10:35 IST" time="24.580" errors="0">
  <testcase name="ByPixel" time="24.580" classname="mypack.ScrollByPixel"/>
  <system-out/>
</testsuite> <!-- mypack.ScrollByPixel -->
