<?xml version="1.0" encoding="UTF-8"?>
<!-- Generated by org.testng.reporters.JUnitReportReporter -->
<testsuite skipped="0" hostname="DESKTOP-A6J4GJ3" name="mypack.ScrollByPage" tests="1" failures="0" timestamp="2020-12-11T12:23:42 IST" time="16.836" errors="0">
  <testcase name="ByPage" time="16.836" classname="mypack.ScrollByPage"/>
  <system-out/>
</testsuite> <!-- mypack.ScrollByPage -->
