<?xml version="1.0" encoding="UTF-8"?>
<!-- Generated by org.testng.reporters.JUnitReportReporter -->
<testsuite skipped="0" hostname="DESKTOP-A6J4GJ3" name="mypack.DragandDrop" tests="1" failures="0" timestamp="2020-12-11T12:53:26 IST" time="13.192" errors="0">
  <testcase name="DragnDrop" time="13.192" classname="mypack.DragandDrop"/>
  <system-out/>
</testsuite> <!-- mypack.DragandDrop -->
