<?xml version="1.0" encoding="UTF-8"?>
<!-- Generated by org.testng.reporters.JUnitReportReporter -->
<testsuite skipped="0" hostname="DESKTOP-A6J4GJ3" name="mypack.robot" tests="1" failures="0" timestamp="2020-12-12T15:14:12 IST" time="35.424" errors="0">
  <testcase name="execution" time="35.424" classname="mypack.robot"/>
  <system-out/>
</testsuite> <!-- mypack.robot -->
